{"C:\\Users\\tranv\\Desktop\\3monthaythe\\CCNLT_Seminar\\09032026\\ielts\\be\\reading-service\\src\\controllers\\reading.controller.js": {"path":"C:\\Users\\tranv\\Desktop\\3monthaythe\\CCNLT_Seminar\\09032026\\ielts\\be\\reading-service\\src\\controllers\\reading.controller.js","statementMap":{"0":{"start":{"line":1,"column":20},"end":{"line":1,"column":52}},"1":{"start":{"line":2,"column":23},"end":{"line":2,"column":57}},"2":{"start":{"line":3,"column":29},"end":{"line":3,"column":63}},"3":{"start":{"line":4,"column":31},"end":{"line":4,"column":63}},"4":{"start":{"line":10,"column":18},"end":{"line":10,"column":85}},"5":{"start":{"line":11,"column":17},"end":{"line":11,"column":50}},"6":{"start":{"line":12,"column":2},"end":{"line":23,"column":3}},"7":{"start":{"line":13,"column":17},"end":{"line":15,"column":6}},"8":{"start":{"line":16,"column":4},"end":{"line":20,"column":5}},"9":{"start":{"line":17,"column":18},"end":{"line":17,"column":35}},"10":{"start":{"line":18,"column":18},"end":{"line":18,"column":49}},"11":{"start":{"line":19,"column":6},"end":{"line":19,"column":50}},"12":{"start":{"line":19,"column":15},"end":{"line":19,"column":50}},"13":{"start":{"line":22,"column":4},"end":{"line":22,"column":88}},"14":{"start":{"line":25,"column":17},"end":{"line":25,"column":58}},"15":{"start":{"line":26,"column":2},"end":{"line":26,"column":105}},"16":{"start":{"line":26,"column":15},"end":{"line":26,"column":105}},"17":{"start":{"line":27,"column":2},"end":{"line":27,"column":40}},"18":{"start":{"line":30,"column":24},"end":{"line":30,"column":75}},"19":{"start":{"line":30,"column":35},"end":{"line":30,"column":75}},"20":{"start":{"line":33,"column":24},"end":{"line":42,"column":1}},"21":{"start":{"line":34,"column":18},"end":{"line":34,"column":48}},"22":{"start":{"line":35,"column":18},"end":{"line":35,"column":48}},"23":{"start":{"line":36,"column":2},"end":{"line":36,"column":39}},"24":{"start":{"line":36,"column":27},"end":{"line":36,"column":39}},"25":{"start":{"line":38,"column":2},"end":{"line":40,"column":3}},"26":{"start":{"line":39,"column":4},"end":{"line":39,"column":69}},"27":{"start":{"line":39,"column":41},"end":{"line":39,"column":49}},"28":{"start":{"line":41,"column":2},"end":{"line":41,"column":15}},"29":{"start":{"line":45,"column":0},"end":{"line":115,"column":2}},"30":{"start":{"line":46,"column":2},"end":{"line":114,"column":3}},"31":{"start":{"line":47,"column":17},"end":{"line":47,"column":46}},"32":{"start":{"line":48,"column":18},"end":{"line":48,"column":49}},"33":{"start":{"line":49,"column":17},"end":{"line":49,"column":35}},"34":{"start":{"line":51,"column":33},"end":{"line":93,"column":6}},"35":{"start":{"line":95,"column":18},"end":{"line":95,"column":29}},"36":{"start":{"line":97,"column":4},"end":{"line":106,"column":7}},"37":{"start":{"line":108,"column":4},"end":{"line":108,"column":59}},"38":{"start":{"line":109,"column":4},"end":{"line":113,"column":7}},"39":{"start":{"line":118,"column":0},"end":{"line":143,"column":2}},"40":{"start":{"line":119,"column":2},"end":{"line":142,"column":3}},"41":{"start":{"line":120,"column":19},"end":{"line":120,"column":29}},"42":{"start":{"line":122,"column":17},"end":{"line":122,"column":47}},"43":{"start":{"line":124,"column":4},"end":{"line":129,"column":5}},"44":{"start":{"line":125,"column":6},"end":{"line":128,"column":9}},"45":{"start":{"line":131,"column":4},"end":{"line":134,"column":7}},"46":{"start":{"line":136,"column":4},"end":{"line":136,"column":60}},"47":{"start":{"line":137,"column":4},"end":{"line":141,"column":7}},"48":{"start":{"line":146,"column":0},"end":{"line":181,"column":2}},"49":{"start":{"line":147,"column":2},"end":{"line":180,"column":3}},"50":{"start":{"line":148,"column":45},"end":{"line":148,"column":53}},"51":{"start":{"line":149,"column":19},"end":{"line":149,"column":30}},"52":{"start":{"line":151,"column":4},"end":{"line":156,"column":5}},"53":{"start":{"line":152,"column":6},"end":{"line":155,"column":9}},"54":{"start":{"line":158,"column":20},"end":{"line":164,"column":6}},"55":{"start":{"line":166,"column":4},"end":{"line":166,"column":25}},"56":{"start":{"line":168,"column":4},"end":{"line":172,"column":7}},"57":{"start":{"line":174,"column":4},"end":{"line":174,"column":57}},"58":{"start":{"line":175,"column":4},"end":{"line":179,"column":7}},"59":{"start":{"line":184,"column":0},"end":{"line":258,"column":2}},"60":{"start":{"line":185,"column":2},"end":{"line":257,"column":3}},"61":{"start":{"line":186,"column":19},"end":{"line":186,"column":29}},"62":{"start":{"line":187,"column":42},"end":{"line":187,"column":50}},"63":{"start":{"line":189,"column":17},"end":{"line":189,"column":47}},"64":{"start":{"line":191,"column":4},"end":{"line":196,"column":5}},"65":{"start":{"line":192,"column":6},"end":{"line":195,"column":9}},"66":{"start":{"line":198,"column":4},"end":{"line":203,"column":5}},"67":{"start":{"line":199,"column":6},"end":{"line":202,"column":9}},"68":{"start":{"line":205,"column":27},"end":{"line":207,"column":5}},"69":{"start":{"line":206,"column":6},"end":{"line":206,"column":65}},"70":{"start":{"line":206,"column":42},"end":{"line":206,"column":64}},"71":{"start":{"line":209,"column":19},"end":{"line":209,"column":20}},"72":{"start":{"line":210,"column":20},"end":{"line":225,"column":6}},"73":{"start":{"line":211,"column":28},"end":{"line":211,"column":63}},"74":{"start":{"line":213,"column":8},"end":{"line":213,"column":53}},"75":{"start":{"line":215,"column":6},"end":{"line":217,"column":7}},"76":{"start":{"line":216,"column":8},"end":{"line":216,"column":19}},"77":{"start":{"line":219,"column":6},"end":{"line":224,"column":8}},"78":{"start":{"line":227,"column":22},"end":{"line":227,"column":59}},"79":{"start":{"line":229,"column":20},"end":{"line":239,"column":6}},"80":{"start":{"line":232,"column":53},"end":{"line":232,"column":73}},"81":{"start":{"line":241,"column":29},"end":{"line":244,"column":5}},"82":{"start":{"line":246,"column":4},"end":{"line":249,"column":7}},"83":{"start":{"line":251,"column":4},"end":{"line":251,"column":57}},"84":{"start":{"line":252,"column":4},"end":{"line":256,"column":7}},"85":{"start":{"line":261,"column":0},"end":{"line":322,"column":2}},"86":{"start":{"line":262,"column":2},"end":{"line":321,"column":3}},"87":{"start":{"line":263,"column":19},"end":{"line":263,"column":29}},"88":{"start":{"line":264,"column":57},"end":{"line":264,"column":65}},"89":{"start":{"line":266,"column":4},"end":{"line":268,"column":5}},"90":{"start":{"line":267,"column":6},"end":{"line":267,"column":98}},"91":{"start":{"line":270,"column":15},"end":{"line":270,"column":36}},"92":{"start":{"line":271,"column":4},"end":{"line":273,"column":5}},"93":{"start":{"line":272,"column":6},"end":{"line":272,"column":109}},"94":{"start":{"line":275,"column":17},"end":{"line":275,"column":47}},"95":{"start":{"line":276,"column":4},"end":{"line":278,"column":5}},"96":{"start":{"line":277,"column":6},"end":{"line":277,"column":88}},"97":{"start":{"line":280,"column":20},"end":{"line":280,"column":69}},"98":{"start":{"line":280,"column":46},"end":{"line":280,"column":68}},"99":{"start":{"line":281,"column":4},"end":{"line":283,"column":5}},"100":{"start":{"line":282,"column":6},"end":{"line":282,"column":111}},"101":{"start":{"line":285,"column":27},"end":{"line":285,"column":72}},"102":{"start":{"line":285,"column":56},"end":{"line":285,"column":71}},"103":{"start":{"line":286,"column":19},"end":{"line":286,"column":20}},"104":{"start":{"line":287,"column":20},"end":{"line":297,"column":6}},"105":{"start":{"line":288,"column":28},"end":{"line":288,"column":63}},"106":{"start":{"line":289,"column":24},"end":{"line":289,"column":69}},"107":{"start":{"line":290,"column":6},"end":{"line":290,"column":32}},"108":{"start":{"line":290,"column":21},"end":{"line":290,"column":32}},"109":{"start":{"line":291,"column":6},"end":{"line":296,"column":8}},"110":{"start":{"line":299,"column":22},"end":{"line":299,"column":59}},"111":{"start":{"line":301,"column":20},"end":{"line":310,"column":6}},"112":{"start":{"line":305,"column":48},"end":{"line":305,"column":63}},"113":{"start":{"line":312,"column":29},"end":{"line":312,"column":99}},"114":{"start":{"line":313,"column":4},"end":{"line":313,"column":68}},"115":{"start":{"line":315,"column":4},"end":{"line":315,"column":60}},"116":{"start":{"line":316,"column":4},"end":{"line":320,"column":7}},"117":{"start":{"line":325,"column":0},"end":{"line":344,"column":2}},"118":{"start":{"line":326,"column":2},"end":{"line":343,"column":3}},"119":{"start":{"line":327,"column":21},"end":{"line":330,"column":13}},"120":{"start":{"line":332,"column":4},"end":{"line":335,"column":7}},"121":{"start":{"line":337,"column":4},"end":{"line":337,"column":66}},"122":{"start":{"line":338,"column":4},"end":{"line":342,"column":7}},"123":{"start":{"line":346,"column":0},"end":{"line":365,"column":2}},"124":{"start":{"line":347,"column":2},"end":{"line":364,"column":3}},"125":{"start":{"line":348,"column":21},"end":{"line":351,"column":13}},"126":{"start":{"line":353,"column":4},"end":{"line":356,"column":7}},"127":{"start":{"line":358,"column":4},"end":{"line":358,"column":69}},"128":{"start":{"line":359,"column":4},"end":{"line":363,"column":7}},"129":{"start":{"line":367,"column":0},"end":{"line":396,"column":2}},"130":{"start":{"line":368,"column":2},"end":{"line":395,"column":3}},"131":{"start":{"line":369,"column":35},"end":{"line":379,"column":6}},"132":{"start":{"line":381,"column":4},"end":{"line":387,"column":7}},"133":{"start":{"line":389,"column":4},"end":{"line":389,"column":71}},"134":{"start":{"line":390,"column":4},"end":{"line":394,"column":7}},"135":{"start":{"line":399,"column":0},"end":{"line":443,"column":2}},"136":{"start":{"line":400,"column":2},"end":{"line":442,"column":3}},"137":{"start":{"line":401,"column":19},"end":{"line":401,"column":29}},"138":{"start":{"line":402,"column":58},"end":{"line":402,"column":66}},"139":{"start":{"line":403,"column":19},"end":{"line":403,"column":30}},"140":{"start":{"line":406,"column":17},"end":{"line":406,"column":47}},"141":{"start":{"line":407,"column":4},"end":{"line":412,"column":5}},"142":{"start":{"line":408,"column":6},"end":{"line":411,"column":9}},"143":{"start":{"line":415,"column":4},"end":{"line":420,"column":5}},"144":{"start":{"line":416,"column":6},"end":{"line":419,"column":9}},"145":{"start":{"line":423,"column":4},"end":{"line":423,"column":34}},"146":{"start":{"line":423,"column":15},"end":{"line":423,"column":34}},"147":{"start":{"line":424,"column":4},"end":{"line":424,"column":66}},"148":{"start":{"line":424,"column":35},"end":{"line":424,"column":66}},"149":{"start":{"line":425,"column":4},"end":{"line":425,"column":43}},"150":{"start":{"line":425,"column":18},"end":{"line":425,"column":43}},"151":{"start":{"line":426,"column":4},"end":{"line":426,"column":66}},"152":{"start":{"line":426,"column":35},"end":{"line":426,"column":66}},"153":{"start":{"line":428,"column":4},"end":{"line":428,"column":22}},"154":{"start":{"line":430,"column":4},"end":{"line":434,"column":7}},"155":{"start":{"line":436,"column":4},"end":{"line":436,"column":57}},"156":{"start":{"line":437,"column":4},"end":{"line":441,"column":7}},"157":{"start":{"line":446,"column":0},"end":{"line":482,"column":2}},"158":{"start":{"line":447,"column":2},"end":{"line":481,"column":3}},"159":{"start":{"line":448,"column":19},"end":{"line":448,"column":29}},"160":{"start":{"line":449,"column":19},"end":{"line":449,"column":30}},"161":{"start":{"line":452,"column":17},"end":{"line":452,"column":47}},"162":{"start":{"line":453,"column":4},"end":{"line":458,"column":5}},"163":{"start":{"line":454,"column":6},"end":{"line":457,"column":9}},"164":{"start":{"line":461,"column":4},"end":{"line":466,"column":5}},"165":{"start":{"line":462,"column":6},"end":{"line":465,"column":9}},"166":{"start":{"line":468,"column":4},"end":{"line":468,"column":44}},"167":{"start":{"line":470,"column":4},"end":{"line":473,"column":7}},"168":{"start":{"line":475,"column":4},"end":{"line":475,"column":57}},"169":{"start":{"line":476,"column":4},"end":{"line":480,"column":7}},"170":{"start":{"line":485,"column":0},"end":{"line":636,"column":2}},"171":{"start":{"line":486,"column":2},"end":{"line":635,"column":3}},"172":{"start":{"line":487,"column":49},"end":{"line":487,"column":57}},"173":{"start":{"line":490,"column":4},"end":{"line":495,"column":5}},"174":{"start":{"line":491,"column":6},"end":{"line":494,"column":9}},"175":{"start":{"line":498,"column":4},"end":{"line":503,"column":5}},"176":{"start":{"line":499,"column":6},"end":{"line":502,"column":9}},"177":{"start":{"line":506,"column":25},"end":{"line":528,"column":5}},"178":{"start":{"line":530,"column":17},"end":{"line":530,"column":42}},"179":{"start":{"line":531,"column":25},"end":{"line":531,"column":88}},"180":{"start":{"line":534,"column":19},"end":{"line":566,"column":34}},"181":{"start":{"line":568,"column":4},"end":{"line":568,"column":79}},"182":{"start":{"line":569,"column":18},"end":{"line":569,"column":42}},"183":{"start":{"line":570,"column":18},"end":{"line":570,"column":73}},"184":{"start":{"line":571,"column":19},"end":{"line":571,"column":54}},"185":{"start":{"line":572,"column":25},"end":{"line":572,"column":47}},"186":{"start":{"line":574,"column":4},"end":{"line":574,"column":60}},"187":{"start":{"line":577,"column":22},"end":{"line":577,"column":41}},"188":{"start":{"line":578,"column":4},"end":{"line":582,"column":5}},"189":{"start":{"line":579,"column":6},"end":{"line":579,"column":80}},"190":{"start":{"line":580,"column":11},"end":{"line":582,"column":5}},"191":{"start":{"line":581,"column":6},"end":{"line":581,"column":76}},"192":{"start":{"line":586,"column":4},"end":{"line":596,"column":5}},"193":{"start":{"line":587,"column":6},"end":{"line":587,"column":43}},"194":{"start":{"line":589,"column":6},"end":{"line":589,"column":63}},"195":{"start":{"line":590,"column":6},"end":{"line":590,"column":54}},"196":{"start":{"line":591,"column":6},"end":{"line":595,"column":9}},"197":{"start":{"line":599,"column":4},"end":{"line":604,"column":5}},"198":{"start":{"line":600,"column":6},"end":{"line":603,"column":9}},"199":{"start":{"line":607,"column":4},"end":{"line":612,"column":5}},"200":{"start":{"line":608,"column":6},"end":{"line":611,"column":9}},"201":{"start":{"line":614,"column":4},"end":{"line":627,"column":7}},"202":{"start":{"line":629,"column":4},"end":{"line":629,"column":67}},"203":{"start":{"line":630,"column":4},"end":{"line":634,"column":7}},"204":{"start":{"line":639,"column":0},"end":{"line":748,"column":2}},"205":{"start":{"line":640,"column":2},"end":{"line":747,"column":3}},"206":{"start":{"line":642,"column":4},"end":{"line":647,"column":5}},"207":{"start":{"line":643,"column":6},"end":{"line":646,"column":9}},"208":{"start":{"line":649,"column":4},"end":{"line":653,"column":7}},"209":{"start":{"line":656,"column":23},"end":{"line":656,"column":57}},"210":{"start":{"line":657,"column":21},"end":{"line":662,"column":5}},"211":{"start":{"line":665,"column":18},"end":{"line":665,"column":42}},"212":{"start":{"line":666,"column":18},"end":{"line":666,"column":73}},"213":{"start":{"line":669,"column":19},"end":{"line":696,"column":42}},"214":{"start":{"line":699,"column":4},"end":{"line":699,"column":47}},"215":{"start":{"line":700,"column":19},"end":{"line":700,"column":66}},"216":{"start":{"line":701,"column":25},"end":{"line":701,"column":47}},"217":{"start":{"line":703,"column":4},"end":{"line":703,"column":82}},"218":{"start":{"line":706,"column":22},"end":{"line":706,"column":41}},"219":{"start":{"line":707,"column":4},"end":{"line":711,"column":5}},"220":{"start":{"line":708,"column":6},"end":{"line":708,"column":80}},"221":{"start":{"line":709,"column":11},"end":{"line":711,"column":5}},"222":{"start":{"line":710,"column":6},"end":{"line":710,"column":76}},"223":{"start":{"line":715,"column":4},"end":{"line":725,"column":5}},"224":{"start":{"line":716,"column":6},"end":{"line":716,"column":43}},"225":{"start":{"line":718,"column":6},"end":{"line":718,"column":63}},"226":{"start":{"line":719,"column":6},"end":{"line":719,"column":54}},"227":{"start":{"line":720,"column":6},"end":{"line":724,"column":9}},"228":{"start":{"line":728,"column":4},"end":{"line":733,"column":5}},"229":{"start":{"line":729,"column":6},"end":{"line":732,"column":9}},"230":{"start":{"line":735,"column":4},"end":{"line":739,"column":7}},"231":{"start":{"line":741,"column":4},"end":{"line":741,"column":58}},"232":{"start":{"line":742,"column":4},"end":{"line":746,"column":7}}},"fnMap":{"0":{"name":"_getGeminiClient","decl":{"start":{"line":9,"column":15},"end":{"line":9,"column":31}},"loc":{"start":{"line":9,"column":34},"end":{"line":28,"column":1}},"line":9},"1":{"name":"(anonymous_1)","decl":{"start":{"line":30,"column":24},"end":{"line":30,"column":25}},"loc":{"start":{"line":30,"column":35},"end":{"line":30,"column":75}},"line":30},"2":{"name":"(anonymous_2)","decl":{"start":{"line":33,"column":24},"end":{"line":33,"column":25}},"loc":{"start":{"line":33,"column":58},"end":{"line":42,"column":1}},"line":33},"3":{"name":"(anonymous_3)","decl":{"start":{"line":39,"column":34},"end":{"line":39,"column":35}},"loc":{"start":{"line":39,"column":41},"end":{"line":39,"column":49}},"line":39},"4":{"name":"(anonymous_4)","decl":{"start":{"line":45,"column":22},"end":{"line":45,"column":23}},"loc":{"start":{"line":45,"column":42},"end":{"line":115,"column":1}},"line":45},"5":{"name":"(anonymous_5)","decl":{"start":{"line":118,"column":22},"end":{"line":118,"column":23}},"loc":{"start":{"line":118,"column":42},"end":{"line":143,"column":1}},"line":118},"6":{"name":"(anonymous_6)","decl":{"start":{"line":146,"column":21},"end":{"line":146,"column":22}},"loc":{"start":{"line":146,"column":41},"end":{"line":181,"column":1}},"line":146},"7":{"name":"(anonymous_7)","decl":{"start":{"line":184,"column":21},"end":{"line":184,"column":22}},"loc":{"start":{"line":184,"column":41},"end":{"line":258,"column":1}},"line":184},"8":{"name":"(anonymous_8)","decl":{"start":{"line":205,"column":49},"end":{"line":205,"column":50}},"loc":{"start":{"line":206,"column":6},"end":{"line":206,"column":65}},"line":206},"9":{"name":"(anonymous_9)","decl":{"start":{"line":206,"column":28},"end":{"line":206,"column":29}},"loc":{"start":{"line":206,"column":42},"end":{"line":206,"column":64}},"line":206},"10":{"name":"(anonymous_10)","decl":{"start":{"line":210,"column":39},"end":{"line":210,"column":40}},"loc":{"start":{"line":210,"column":65},"end":{"line":225,"column":5}},"line":210},"11":{"name":"(anonymous_11)","decl":{"start":{"line":232,"column":41},"end":{"line":232,"column":42}},"loc":{"start":{"line":232,"column":53},"end":{"line":232,"column":73}},"line":232},"12":{"name":"(anonymous_12)","decl":{"start":{"line":261,"column":24},"end":{"line":261,"column":25}},"loc":{"start":{"line":261,"column":44},"end":{"line":322,"column":1}},"line":261},"13":{"name":"(anonymous_13)","decl":{"start":{"line":280,"column":39},"end":{"line":280,"column":40}},"loc":{"start":{"line":280,"column":46},"end":{"line":280,"column":68}},"line":280},"14":{"name":"(anonymous_14)","decl":{"start":{"line":285,"column":49},"end":{"line":285,"column":50}},"loc":{"start":{"line":285,"column":56},"end":{"line":285,"column":71}},"line":285},"15":{"name":"(anonymous_15)","decl":{"start":{"line":287,"column":39},"end":{"line":287,"column":40}},"loc":{"start":{"line":287,"column":65},"end":{"line":297,"column":5}},"line":287},"16":{"name":"(anonymous_16)","decl":{"start":{"line":305,"column":41},"end":{"line":305,"column":42}},"loc":{"start":{"line":305,"column":48},"end":{"line":305,"column":63}},"line":305},"17":{"name":"(anonymous_17)","decl":{"start":{"line":325,"column":22},"end":{"line":325,"column":23}},"loc":{"start":{"line":325,"column":42},"end":{"line":344,"column":1}},"line":325},"18":{"name":"(anonymous_18)","decl":{"start":{"line":346,"column":24},"end":{"line":346,"column":25}},"loc":{"start":{"line":346,"column":44},"end":{"line":365,"column":1}},"line":346},"19":{"name":"(anonymous_19)","decl":{"start":{"line":367,"column":26},"end":{"line":367,"column":27}},"loc":{"start":{"line":367,"column":46},"end":{"line":396,"column":1}},"line":367},"20":{"name":"(anonymous_20)","decl":{"start":{"line":399,"column":21},"end":{"line":399,"column":22}},"loc":{"start":{"line":399,"column":41},"end":{"line":443,"column":1}},"line":399},"21":{"name":"(anonymous_21)","decl":{"start":{"line":446,"column":21},"end":{"line":446,"column":22}},"loc":{"start":{"line":446,"column":41},"end":{"line":482,"column":1}},"line":446},"22":{"name":"(anonymous_22)","decl":{"start":{"line":485,"column":29},"end":{"line":485,"column":30}},"loc":{"start":{"line":485,"column":49},"end":{"line":636,"column":1}},"line":485},"23":{"name":"(anonymous_23)","decl":{"start":{"line":639,"column":31},"end":{"line":639,"column":32}},"loc":{"start":{"line":639,"column":51},"end":{"line":748,"column":1}},"line":639}},"branchMap":{"0":{"loc":{"start":{"line":10,"column":18},"end":{"line":10,"column":85}},"type":"binary-expr","locations":[{"start":{"line":10,"column":18},"end":{"line":10,"column":55}},{"start":{"line":10,"column":59},"end":{"line":10,"column":85}}],"line":10},"1":{"loc":{"start":{"line":11,"column":17},"end":{"line":11,"column":50}},"type":"binary-expr","locations":[{"start":{"line":11,"column":17},"end":{"line":11,"column":44}},{"start":{"line":11,"column":48},"end":{"line":11,"column":50}}],"line":11},"2":{"loc":{"start":{"line":16,"column":4},"end":{"line":20,"column":5}},"type":"if","locations":[{"start":{"line":16,"column":4},"end":{"line":20,"column":5}},{"start":{},"end":{}}],"line":16},"3":{"loc":{"start":{"line":18,"column":19},"end":{"line":18,"column":41}},"type":"binary-expr","locations":[{"start":{"line":18,"column":19},"end":{"line":18,"column":35}},{"start":{"line":18,"column":39},"end":{"line":18,"column":41}}],"line":18},"4":{"loc":{"start":{"line":19,"column":6},"end":{"line":19,"column":50}},"type":"if","locations":[{"start":{"line":19,"column":6},"end":{"line":19,"column":50}},{"start":{},"end":{}}],"line":19},"5":{"loc":{"start":{"line":25,"column":18},"end":{"line":25,"column":50}},"type":"binary-expr","locations":[{"start":{"line":25,"column":18},"end":{"line":25,"column":44}},{"start":{"line":25,"column":48},"end":{"line":25,"column":50}}],"line":25},"6":{"loc":{"start":{"line":26,"column":2},"end":{"line":26,"column":105}},"type":"if","locations":[{"start":{"line":26,"column":2},"end":{"line":26,"column":105}},{"start":{},"end":{}}],"line":26},"7":{"loc":{"start":{"line":30,"column":42},"end":{"line":30,"column":53}},"type":"binary-expr","locations":[{"start":{"line":30,"column":42},"end":{"line":30,"column":47}},{"start":{"line":30,"column":51},"end":{"line":30,"column":53}}],"line":30},"8":{"loc":{"start":{"line":36,"column":2},"end":{"line":36,"column":39}},"type":"if","locations":[{"start":{"line":36,"column":2},"end":{"line":36,"column":39}},{"start":{},"end":{}}],"line":36},"9":{"loc":{"start":{"line":38,"column":2},"end":{"line":40,"column":3}},"type":"if","locations":[{"start":{"line":38,"column":2},"end":{"line":40,"column":3}},{"start":{},"end":{}}],"line":38},"10":{"loc":{"start":{"line":47,"column":17},"end":{"line":47,"column":46}},"type":"binary-expr","locations":[{"start":{"line":47,"column":17},"end":{"line":47,"column":41}},{"start":{"line":47,"column":45},"end":{"line":47,"column":46}}],"line":47},"11":{"loc":{"start":{"line":48,"column":18},"end":{"line":48,"column":49}},"type":"binary-expr","locations":[{"start":{"line":48,"column":18},"end":{"line":48,"column":43}},{"start":{"line":48,"column":47},"end":{"line":48,"column":49}}],"line":48},"12":{"loc":{"start":{"line":124,"column":4},"end":{"line":129,"column":5}},"type":"if","locations":[{"start":{"line":124,"column":4},"end":{"line":129,"column":5}},{"start":{},"end":{}}],"line":124},"13":{"loc":{"start":{"line":151,"column":4},"end":{"line":156,"column":5}},"type":"if","locations":[{"start":{"line":151,"column":4},"end":{"line":156,"column":5}},{"start":{},"end":{}}],"line":151},"14":{"loc":{"start":{"line":151,"column":8},"end":{"line":151,"column":52}},"type":"binary-expr","locations":[{"start":{"line":151,"column":8},"end":{"line":151,"column":14}},{"start":{"line":151,"column":18},"end":{"line":151,"column":27}},{"start":{"line":151,"column":31},"end":{"line":151,"column":52}}],"line":151},"15":{"loc":{"start":{"line":160,"column":19},"end":{"line":160,"column":36}},"type":"binary-expr","locations":[{"start":{"line":160,"column":19},"end":{"line":160,"column":30}},{"start":{"line":160,"column":34},"end":{"line":160,"column":36}}],"line":160},"16":{"loc":{"start":{"line":163,"column":19},"end":{"line":163,"column":83}},"type":"cond-expr","locations":[{"start":{"line":163,"column":56},"end":{"line":163,"column":76}},{"start":{"line":163,"column":79},"end":{"line":163,"column":83}}],"line":163},"17":{"loc":{"start":{"line":191,"column":4},"end":{"line":196,"column":5}},"type":"if","locations":[{"start":{"line":191,"column":4},"end":{"line":196,"column":5}},{"start":{},"end":{}}],"line":191},"18":{"loc":{"start":{"line":198,"column":4},"end":{"line":203,"column":5}},"type":"if","locations":[{"start":{"line":198,"column":4},"end":{"line":203,"column":5}},{"start":{},"end":{}}],"line":198},"19":{"loc":{"start":{"line":211,"column":35},"end":{"line":211,"column":62}},"type":"binary-expr","locations":[{"start":{"line":211,"column":35},"end":{"line":211,"column":56}},{"start":{"line":211,"column":60},"end":{"line":211,"column":62}}],"line":211},"20":{"loc":{"start":{"line":215,"column":6},"end":{"line":217,"column":7}},"type":"if","locations":[{"start":{"line":215,"column":6},"end":{"line":217,"column":7}},{"start":{},"end":{}}],"line":215},"21":{"loc":{"start":{"line":222,"column":30},"end":{"line":222,"column":49}},"type":"binary-expr","locations":[{"start":{"line":222,"column":30},"end":{"line":222,"column":43}},{"start":{"line":222,"column":47},"end":{"line":222,"column":49}}],"line":222},"22":{"loc":{"start":{"line":232,"column":60},"end":{"line":232,"column":72}},"type":"binary-expr","locations":[{"start":{"line":232,"column":60},"end":{"line":232,"column":66}},{"start":{"line":232,"column":70},"end":{"line":232,"column":72}}],"line":232},"23":{"loc":{"start":{"line":235,"column":17},"end":{"line":237,"column":11}},"type":"cond-expr","locations":[{"start":{"line":236,"column":10},"end":{"line":236,"column":40}},{"start":{"line":237,"column":10},"end":{"line":237,"column":11}}],"line":235},"24":{"loc":{"start":{"line":266,"column":4},"end":{"line":268,"column":5}},"type":"if","locations":[{"start":{"line":266,"column":4},"end":{"line":268,"column":5}},{"start":{},"end":{}}],"line":266},"25":{"loc":{"start":{"line":271,"column":4},"end":{"line":273,"column":5}},"type":"if","locations":[{"start":{"line":271,"column":4},"end":{"line":273,"column":5}},{"start":{},"end":{}}],"line":271},"26":{"loc":{"start":{"line":271,"column":8},"end":{"line":271,"column":49}},"type":"binary-expr","locations":[{"start":{"line":271,"column":8},"end":{"line":271,"column":29}},{"start":{"line":271,"column":33},"end":{"line":271,"column":39}},{"start":{"line":271,"column":43},"end":{"line":271,"column":49}}],"line":271},"27":{"loc":{"start":{"line":276,"column":4},"end":{"line":278,"column":5}},"type":"if","locations":[{"start":{"line":276,"column":4},"end":{"line":278,"column":5}},{"start":{},"end":{}}],"line":276},"28":{"loc":{"start":{"line":281,"column":4},"end":{"line":283,"column":5}},"type":"if","locations":[{"start":{"line":281,"column":4},"end":{"line":283,"column":5}},{"start":{},"end":{}}],"line":281},"29":{"loc":{"start":{"line":288,"column":35},"end":{"line":288,"column":62}},"type":"binary-expr","locations":[{"start":{"line":288,"column":35},"end":{"line":288,"column":56}},{"start":{"line":288,"column":60},"end":{"line":288,"column":62}}],"line":288},"30":{"loc":{"start":{"line":290,"column":6},"end":{"line":290,"column":32}},"type":"if","locations":[{"start":{"line":290,"column":6},"end":{"line":290,"column":32}},{"start":{},"end":{}}],"line":290},"31":{"loc":{"start":{"line":294,"column":30},"end":{"line":294,"column":49}},"type":"binary-expr","locations":[{"start":{"line":294,"column":30},"end":{"line":294,"column":43}},{"start":{"line":294,"column":47},"end":{"line":294,"column":49}}],"line":294},"32":{"loc":{"start":{"line":305,"column":55},"end":{"line":305,"column":62}},"type":"binary-expr","locations":[{"start":{"line":305,"column":55},"end":{"line":305,"column":56}},{"start":{"line":305,"column":60},"end":{"line":305,"column":62}}],"line":305},"33":{"loc":{"start":{"line":308,"column":17},"end":{"line":308,"column":88}},"type":"cond-expr","locations":[{"start":{"line":308,"column":54},"end":{"line":308,"column":84}},{"start":{"line":308,"column":87},"end":{"line":308,"column":88}}],"line":308},"34":{"loc":{"start":{"line":385,"column":30},"end":{"line":385,"column":59}},"type":"binary-expr","locations":[{"start":{"line":385,"column":30},"end":{"line":385,"column":54}},{"start":{"line":385,"column":58},"end":{"line":385,"column":59}}],"line":385},"35":{"loc":{"start":{"line":407,"column":4},"end":{"line":412,"column":5}},"type":"if","locations":[{"start":{"line":407,"column":4},"end":{"line":412,"column":5}},{"start":{},"end":{}}],"line":407},"36":{"loc":{"start":{"line":415,"column":4},"end":{"line":420,"column":5}},"type":"if","locations":[{"start":{"line":415,"column":4},"end":{"line":420,"column":5}},{"start":{},"end":{}}],"line":415},"37":{"loc":{"start":{"line":415,"column":8},"end":{"line":415,"column":73}},"type":"binary-expr","locations":[{"start":{"line":415,"column":8},"end":{"line":415,"column":44}},{"start":{"line":415,"column":48},"end":{"line":415,"column":73}}],"line":415},"38":{"loc":{"start":{"line":423,"column":4},"end":{"line":423,"column":34}},"type":"if","locations":[{"start":{"line":423,"column":4},"end":{"line":423,"column":34}},{"start":{},"end":{}}],"line":423},"39":{"loc":{"start":{"line":424,"column":4},"end":{"line":424,"column":66}},"type":"if","locations":[{"start":{"line":424,"column":4},"end":{"line":424,"column":66}},{"start":{},"end":{}}],"line":424},"40":{"loc":{"start":{"line":425,"column":4},"end":{"line":425,"column":43}},"type":"if","locations":[{"start":{"line":425,"column":4},"end":{"line":425,"column":43}},{"start":{},"end":{}}],"line":425},"41":{"loc":{"start":{"line":426,"column":4},"end":{"line":426,"column":66}},"type":"if","locations":[{"start":{"line":426,"column":4},"end":{"line":426,"column":66}},{"start":{},"end":{}}],"line":426},"42":{"loc":{"start":{"line":453,"column":4},"end":{"line":458,"column":5}},"type":"if","locations":[{"start":{"line":453,"column":4},"end":{"line":458,"column":5}},{"start":{},"end":{}}],"line":453},"43":{"loc":{"start":{"line":461,"column":4},"end":{"line":466,"column":5}},"type":"if","locations":[{"start":{"line":461,"column":4},"end":{"line":466,"column":5}},{"start":{},"end":{}}],"line":461},"44":{"loc":{"start":{"line":461,"column":8},"end":{"line":461,"column":73}},"type":"binary-expr","locations":[{"start":{"line":461,"column":8},"end":{"line":461,"column":44}},{"start":{"line":461,"column":48},"end":{"line":461,"column":73}}],"line":461},"45":{"loc":{"start":{"line":490,"column":4},"end":{"line":495,"column":5}},"type":"if","locations":[{"start":{"line":490,"column":4},"end":{"line":495,"column":5}},{"start":{},"end":{}}],"line":490},"46":{"loc":{"start":{"line":498,"column":4},"end":{"line":503,"column":5}},"type":"if","locations":[{"start":{"line":498,"column":4},"end":{"line":503,"column":5}},{"start":{},"end":{}}],"line":498},"47":{"loc":{"start":{"line":531,"column":25},"end":{"line":531,"column":88}},"type":"cond-expr","locations":[{"start":{"line":531,"column":55},"end":{"line":531,"column":63}},{"start":{"line":531,"column":66},"end":{"line":531,"column":88}}],"line":531},"48":{"loc":{"start":{"line":531,"column":25},"end":{"line":531,"column":52}},"type":"binary-expr","locations":[{"start":{"line":531,"column":25},"end":{"line":531,"column":33}},{"start":{"line":531,"column":37},"end":{"line":531,"column":52}}],"line":531},"49":{"loc":{"start":{"line":578,"column":4},"end":{"line":582,"column":5}},"type":"if","locations":[{"start":{"line":578,"column":4},"end":{"line":582,"column":5}},{"start":{"line":580,"column":11},"end":{"line":582,"column":5}}],"line":578},"50":{"loc":{"start":{"line":580,"column":11},"end":{"line":582,"column":5}},"type":"if","locations":[{"start":{"line":580,"column":11},"end":{"line":582,"column":5}},{"start":{},"end":{}}],"line":580},"51":{"loc":{"start":{"line":599,"column":4},"end":{"line":604,"column":5}},"type":"if","locations":[{"start":{"line":599,"column":4},"end":{"line":604,"column":5}},{"start":{},"end":{}}],"line":599},"52":{"loc":{"start":{"line":599,"column":8},"end":{"line":599,"column":95}},"type":"binary-expr","locations":[{"start":{"line":599,"column":8},"end":{"line":599,"column":25}},{"start":{"line":599,"column":29},"end":{"line":599,"column":55}},{"start":{"line":599,"column":59},"end":{"line":599,"column":95}}],"line":599},"53":{"loc":{"start":{"line":607,"column":4},"end":{"line":612,"column":5}},"type":"if","locations":[{"start":{"line":607,"column":4},"end":{"line":612,"column":5}},{"start":{},"end":{}}],"line":607},"54":{"loc":{"start":{"line":642,"column":4},"end":{"line":647,"column":5}},"type":"if","locations":[{"start":{"line":642,"column":4},"end":{"line":647,"column":5}},{"start":{},"end":{}}],"line":642},"55":{"loc":{"start":{"line":707,"column":4},"end":{"line":711,"column":5}},"type":"if","locations":[{"start":{"line":707,"column":4},"end":{"line":711,"column":5}},{"start":{"line":709,"column":11},"end":{"line":711,"column":5}}],"line":707},"56":{"loc":{"start":{"line":709,"column":11},"end":{"line":711,"column":5}},"type":"if","locations":[{"start":{"line":709,"column":11},"end":{"line":711,"column":5}},{"start":{},"end":{}}],"line":709},"57":{"loc":{"start":{"line":728,"column":4},"end":{"line":733,"column":5}},"type":"if","locations":[{"start":{"line":728,"column":4},"end":{"line":733,"column":5}},{"start":{},"end":{}}],"line":728},"58":{"loc":{"start":{"line":728,"column":8},"end":{"line":728,"column":64}},"type":"binary-expr","locations":[{"start":{"line":728,"column":8},"end":{"line":728,"column":25}},{"start":{"line":728,"column":29},"end":{"line":728,"column":64}}],"line":728}},"s":{"0":4,"1":4,"2":4,"3":4,"4":0,"5":0,"6":0,"7":0,"8":0,"9":0,"10":0,"11":0,"12":0,"13":0,"14":0,"15":0,"16":0,"17":0,"18":4,"19":470,"20":4,"21":235,"22":235,"23":235,"24":180,"25":55,"26":5,"27":10,"28":50,"29":4,"30":12,"31":12,"32":12,"33":12,"34":12,"35":12,"36":12,"37":0,"38":0,"39":4,"40":6,"41":6,"42":6,"43":4,"44":1,"45":3,"46":2,"47":2,"48":4,"49":18,"50":18,"51":18,"52":18,"53":2,"54":16,"55":16,"56":16,"57":0,"58":0,"59":4,"60":52,"61":52,"62":52,"63":52,"64":51,"65":3,"66":48,"67":2,"68":46,"69":46,"70":229,"71":46,"72":46,"73":229,"74":229,"75":229,"76":180,"77":229,"78":46,"79":46,"80":226,"81":46,"82":46,"83":1,"84":1,"85":4,"86":9,"87":9,"88":9,"89":9,"90":0,"91":9,"92":9,"93":4,"94":5,"95":5,"96":0,"97":5,"98":5,"99":5,"100":2,"101":3,"102":6,"103":3,"104":3,"105":6,"106":6,"107":6,"108":5,"109":6,"110":3,"111":3,"112":6,"113":3,"114":3,"115":0,"116":0,"117":4,"118":2,"119":2,"120":2,"121":0,"122":0,"123":4,"124":6,"125":6,"126":6,"127":0,"128":0,"129":4,"130":3,"131":3,"132":3,"133":0,"134":0,"135":4,"136":4,"137":4,"138":4,"139":4,"140":4,"141":4,"142":1,"143":3,"144":1,"145":2,"146":2,"147":2,"148":0,"149":2,"150":0,"151":2,"152":0,"153":2,"154":2,"155":0,"156":0,"157":4,"158":4,"159":4,"160":4,"161":4,"162":4,"163":2,"164":2,"165":1,"166":1,"167":1,"168":0,"169":0,"170":4,"171":0,"172":0,"173":0,"174":0,"175":0,"176":0,"177":0,"178":0,"179":0,"180":0,"181":0,"182":0,"183":0,"184":0,"185":0,"186":0,"187":0,"188":0,"189":0,"190":0,"191":0,"192":0,"193":0,"194":0,"195":0,"196":0,"197":0,"198":0,"199":0,"200":0,"201":0,"202":0,"203":0,"204":4,"205":0,"206":0,"207":0,"208":0,"209":0,"210":0,"211":0,"212":0,"213":0,"214":0,"215":0,"216":0,"217":0,"218":0,"219":0,"220":0,"221":0,"222":0,"223":0,"224":0,"225":0,"226":0,"227":0,"228":0,"229":0,"230":0,"231":0,"232":0},"f":{"0":0,"1":470,"2":235,"3":10,"4":12,"5":6,"6":18,"7":52,"8":46,"9":229,"10":229,"11":226,"12":9,"13":5,"14":6,"15":6,"16":6,"17":2,"18":6,"19":3,"20":4,"21":4,"22":0,"23":0},"b":{"0":[0,0],"1":[0,0],"2":[0,0],"3":[0,0],"4":[0,0],"5":[0,0],"6":[0,0],"7":[470,9],"8":[180,55],"9":[5,50],"10":[12,7],"11":[12,7],"12":[1,3],"13":[2,16],"14":[18,17,17],"15":[16,13],"16":[1,15],"17":[3,48],"18":[2,46],"19":[229,9],"20":[180,49],"21":[229,0],"22":[226,3],"23":[46,0],"24":[0,9],"25":[4,5],"26":[9,9,7],"27":[0,5],"28":[2,3],"29":[6,0],"30":[5,1],"31":[6,0],"32":[6,0],"33":[3,0],"34":[3,1],"35":[1,3],"36":[1,2],"37":[3,2],"38":[2,0],"39":[0,2],"40":[0,2],"41":[0,2],"42":[2,2],"43":[1,1],"44":[2,1],"45":[0,0],"46":[0,0],"47":[0,0],"48":[0,0],"49":[0,0],"50":[0,0],"51":[0,0],"52":[0,0,0],"53":[0,0],"54":[0,0],"55":[0,0],"56":[0,0],"57":[0,0],"58":[0,0]},"_coverageSchema":"1a1c01bbd47fc00a2c39e90264f33305004495a9","hash":"fa0dcfe0f30caf5618a0993a222522a77f0c4516"}
,"C:\\Users\\tranv\\Desktop\\3monthaythe\\CCNLT_Seminar\\09032026\\ielts\\be\\reading-service\\src\\middlewares\\auth.middleware.js": {"path":"C:\\Users\\tranv\\Desktop\\3monthaythe\\CCNLT_Seminar\\09032026\\ielts\\be\\reading-service\\src\\middlewares\\auth.middleware.js","statementMap":{"0":{"start":{"line":1,"column":12},"end":{"line":1,"column":35}},"1":{"start":{"line":3,"column":20},"end":{"line":34,"column":1}},"2":{"start":{"line":4,"column":2},"end":{"line":33,"column":3}},"3":{"start":{"line":7,"column":4},"end":{"line":9,"column":5}},"4":{"start":{"line":8,"column":6},"end":{"line":8,"column":54}},"5":{"start":{"line":11,"column":4},"end":{"line":16,"column":5}},"6":{"start":{"line":12,"column":6},"end":{"line":15,"column":9}},"7":{"start":{"line":18,"column":20},"end":{"line":18,"column":61}},"8":{"start":{"line":19,"column":4},"end":{"line":19,"column":58}},"9":{"start":{"line":22,"column":4},"end":{"line":25,"column":6}},"10":{"start":{"line":27,"column":4},"end":{"line":27,"column":11}},"11":{"start":{"line":29,"column":4},"end":{"line":32,"column":7}},"12":{"start":{"line":41,"column":23},"end":{"line":60,"column":1}},"13":{"start":{"line":42,"column":2},"end":{"line":59,"column":4}},"14":{"start":{"line":43,"column":4},"end":{"line":43,"column":89}},"15":{"start":{"line":44,"column":4},"end":{"line":49,"column":5}},"16":{"start":{"line":45,"column":6},"end":{"line":48,"column":9}},"17":{"start":{"line":51,"column":4},"end":{"line":56,"column":5}},"18":{"start":{"line":52,"column":6},"end":{"line":55,"column":9}},"19":{"start":{"line":58,"column":4},"end":{"line":58,"column":11}},"20":{"start":{"line":62,"column":0},"end":{"line":62,"column":49}}},"fnMap":{"0":{"name":"(anonymous_0)","decl":{"start":{"line":3,"column":20},"end":{"line":3,"column":21}},"loc":{"start":{"line":3,"column":46},"end":{"line":34,"column":1}},"line":3},"1":{"name":"(anonymous_1)","decl":{"start":{"line":41,"column":23},"end":{"line":41,"column":24}},"loc":{"start":{"line":41,"column":37},"end":{"line":60,"column":1}},"line":41},"2":{"name":"(anonymous_2)","decl":{"start":{"line":42,"column":9},"end":{"line":42,"column":10}},"loc":{"start":{"line":42,"column":29},"end":{"line":59,"column":3}},"line":42}},"branchMap":{"0":{"loc":{"start":{"line":7,"column":4},"end":{"line":9,"column":5}},"type":"if","locations":[{"start":{"line":7,"column":4},"end":{"line":9,"column":5}},{"start":{},"end":{}}],"line":7},"1":{"loc":{"start":{"line":7,"column":8},"end":{"line":7,"column":83}},"type":"binary-expr","locations":[{"start":{"line":7,"column":8},"end":{"line":7,"column":33}},{"start":{"line":7,"column":37},"end":{"line":7,"column":83}}],"line":7},"2":{"loc":{"start":{"line":11,"column":4},"end":{"line":16,"column":5}},"type":"if","locations":[{"start":{"line":11,"column":4},"end":{"line":16,"column":5}},{"start":{},"end":{}}],"line":11},"3":{"loc":{"start":{"line":24,"column":19},"end":{"line":24,"column":44}},"type":"binary-expr","locations":[{"start":{"line":24,"column":19},"end":{"line":24,"column":31}},{"start":{"line":24,"column":35},"end":{"line":24,"column":44}}],"line":24},"4":{"loc":{"start":{"line":44,"column":4},"end":{"line":49,"column":5}},"type":"if","locations":[{"start":{"line":44,"column":4},"end":{"line":49,"column":5}},{"start":{},"end":{}}],"line":44},"5":{"loc":{"start":{"line":51,"column":4},"end":{"line":56,"column":5}},"type":"if","locations":[{"start":{"line":51,"column":4},"end":{"line":56,"column":5}},{"start":{},"end":{}}],"line":51}},"s":{"0":3,"1":3,"2":90,"3":90,"4":87,"5":90,"6":3,"7":87,"8":87,"9":87,"10":87,"11":0,"12":3,"13":27,"14":87,"15":87,"16":0,"17":87,"18":3,"19":84,"20":3},"f":{"0":90,"1":27,"2":87},"b":{"0":[87,3],"1":[90,87],"2":[3,87],"3":[87,0],"4":[0,87],"5":[3,84]},"_coverageSchema":"1a1c01bbd47fc00a2c39e90264f33305004495a9","hash":"d73b28963782bc18cbdf8312579da4211d951ab5"}
,"C:\\Users\\tranv\\Desktop\\3monthaythe\\CCNLT_Seminar\\09032026\\ielts\\be\\reading-service\\src\\models\\ReadingTest.js": {"path":"C:\\Users\\tranv\\Desktop\\3monthaythe\\CCNLT_Seminar\\09032026\\ielts\\be\\reading-service\\src\\models\\ReadingTest.js","statementMap":{"0":{"start":{"line":1,"column":17},"end":{"line":1,"column":36}},"1":{"start":{"line":4,"column":23},"end":{"line":15,"column":2}},"2":{"start":{"line":18,"column":22},"end":{"line":24,"column":2}},"3":{"start":{"line":27,"column":26},"end":{"line":33,"column":24}},"4":{"start":{"line":35,"column":0},"end":{"line":35,"column":66}}},"fnMap":{},"branchMap":{},"s":{"0":5,"1":5,"2":5,"3":5,"4":5},"f":{},"b":{},"_coverageSchema":"1a1c01bbd47fc00a2c39e90264f33305004495a9","hash":"2faebdf37b71609aa7bc623ecac6a4e4ad51796e"}
,"C:\\Users\\tranv\\Desktop\\3monthaythe\\CCNLT_Seminar\\09032026\\ielts\\be\\reading-service\\src\\models\\attempt.model.js": {"path":"C:\\Users\\tranv\\Desktop\\3monthaythe\\CCNLT_Seminar\\09032026\\ielts\\be\\reading-service\\src\\models\\attempt.model.js","statementMap":{"0":{"start":{"line":1,"column":17},"end":{"line":1,"column":36}},"1":{"start":{"line":3,"column":28},"end":{"line":11,"column":1}},"2":{"start":{"line":13,"column":22},"end":{"line":36,"column":1}},"3":{"start":{"line":38,"column":0},"end":{"line":38,"column":65}}},"fnMap":{},"branchMap":{},"s":{"0":5,"1":5,"2":5,"3":5},"f":{},"b":{},"_coverageSchema":"1a1c01bbd47fc00a2c39e90264f33305004495a9","hash":"fb5198ea19d0c884f4be2db7ba147fcf3e59878a"}
,"C:\\Users\\tranv\\Desktop\\3monthaythe\\CCNLT_Seminar\\09032026\\ielts\\be\\reading-service\\src\\routes\\reading.routes.js": {"path":"C:\\Users\\tranv\\Desktop\\3monthaythe\\CCNLT_Seminar\\09032026\\ielts\\be\\reading-service\\src\\routes\\reading.routes.js","statementMap":{"0":{"start":{"line":1,"column":16},"end":{"line":1,"column":34}},"1":{"start":{"line":2,"column":15},"end":{"line":2,"column":31}},"2":{"start":{"line":3,"column":26},"end":{"line":3,"column":70}},"3":{"start":{"line":4,"column":40},"end":{"line":4,"column":81}},"4":{"start":{"line":9,"column":0},"end":{"line":9,"column":47}},"5":{"start":{"line":12,"column":0},"end":{"line":12,"column":104}},"6":{"start":{"line":15,"column":0},"end":{"line":15,"column":120}},"7":{"start":{"line":18,"column":0},"end":{"line":18,"column":105}},"8":{"start":{"line":21,"column":0},"end":{"line":21,"column":50}},"9":{"start":{"line":24,"column":0},"end":{"line":24,"column":96}},"10":{"start":{"line":27,"column":0},"end":{"line":27,"column":98}},"11":{"start":{"line":30,"column":0},"end":{"line":30,"column":101}},"12":{"start":{"line":33,"column":0},"end":{"line":33,"column":97}},"13":{"start":{"line":36,"column":0},"end":{"line":36,"column":108}},"14":{"start":{"line":39,"column":0},"end":{"line":39,"column":115}},"15":{"start":{"line":41,"column":0},"end":{"line":41,"column":24}}},"fnMap":{},"branchMap":{},"s":{"0":3,"1":3,"2":3,"3":3,"4":3,"5":3,"6":3,"7":3,"8":3,"9":3,"10":3,"11":3,"12":3,"13":3,"14":3,"15":3},"f":{},"b":{},"_coverageSchema":"1a1c01bbd47fc00a2c39e90264f33305004495a9","hash":"4adc36e85f94095f09be7ad16137b6d3c986a97d"}
,"C:\\Users\\tranv\\Desktop\\3monthaythe\\CCNLT_Seminar\\09032026\\ielts\\be\\reading-service\\src\\utils\\scoreConverter.js": {"path":"C:\\Users\\tranv\\Desktop\\3monthaythe\\CCNLT_Seminar\\09032026\\ielts\\be\\reading-service\\src\\utils\\scoreConverter.js","statementMap":{"0":{"start":{"line":1,"column":18},"end":{"line":18,"column":1}},"1":{"start":{"line":20,"column":23},"end":{"line":24,"column":1}},"2":{"start":{"line":21,"column":2},"end":{"line":21,"column":47}},"3":{"start":{"line":21,"column":38},"end":{"line":21,"column":47}},"4":{"start":{"line":22,"column":18},"end":{"line":22,"column":34}},"5":{"start":{"line":23,"column":2},"end":{"line":23,"column":56}},"6":{"start":{"line":26,"column":25},"end":{"line":40,"column":1}},"7":{"start":{"line":27,"column":29},"end":{"line":27,"column":53}},"8":{"start":{"line":28,"column":27},"end":{"line":28,"column":65}},"9":{"start":{"line":31,"column":2},"end":{"line":33,"column":3}},"10":{"start":{"line":32,"column":4},"end":{"line":32,"column":13}},"11":{"start":{"line":35,"column":17},"end":{"line":37,"column":3}},"12":{"start":{"line":36,"column":14},"end":{"line":36,"column":78}},"13":{"start":{"line":39,"column":2},"end":{"line":39,"column":34}},"14":{"start":{"line":42,"column":0},"end":{"line":42,"column":38}}},"fnMap":{"0":{"name":"(anonymous_0)","decl":{"start":{"line":20,"column":23},"end":{"line":20,"column":24}},"loc":{"start":{"line":20,"column":37},"end":{"line":24,"column":1}},"line":20},"1":{"name":"(anonymous_1)","decl":{"start":{"line":26,"column":25},"end":{"line":26,"column":26}},"loc":{"start":{"line":26,"column":63},"end":{"line":40,"column":1}},"line":26},"2":{"name":"(anonymous_2)","decl":{"start":{"line":36,"column":4},"end":{"line":36,"column":5}},"loc":{"start":{"line":36,"column":14},"end":{"line":36,"column":78}},"line":36}},"branchMap":{"0":{"loc":{"start":{"line":21,"column":2},"end":{"line":21,"column":47}},"type":"if","locations":[{"start":{"line":21,"column":2},"end":{"line":21,"column":47}},{"start":{},"end":{}}],"line":21},"1":{"loc":{"start":{"line":26,"column":36},"end":{"line":26,"column":58}},"type":"default-arg","locations":[{"start":{"line":26,"column":49},"end":{"line":26,"column":58}}],"line":26},"2":{"loc":{"start":{"line":28,"column":34},"end":{"line":28,"column":50}},"type":"binary-expr","locations":[{"start":{"line":28,"column":34},"end":{"line":28,"column":44}},{"start":{"line":28,"column":48},"end":{"line":28,"column":50}}],"line":28},"3":{"loc":{"start":{"line":31,"column":2},"end":{"line":33,"column":3}},"type":"if","locations":[{"start":{"line":31,"column":2},"end":{"line":33,"column":3}},{"start":{},"end":{}}],"line":31},"4":{"loc":{"start":{"line":31,"column":6},"end":{"line":31,"column":72}},"type":"binary-expr","locations":[{"start":{"line":31,"column":6},"end":{"line":31,"column":36}},{"start":{"line":31,"column":40},"end":{"line":31,"column":72}}],"line":31},"5":{"loc":{"start":{"line":36,"column":14},"end":{"line":36,"column":78}},"type":"binary-expr","locations":[{"start":{"line":36,"column":14},"end":{"line":36,"column":44}},{"start":{"line":36,"column":48},"end":{"line":36,"column":78}}],"line":36},"6":{"loc":{"start":{"line":39,"column":9},"end":{"line":39,"column":33}},"type":"cond-expr","locations":[{"start":{"line":39,"column":18},"end":{"line":39,"column":29}},{"start":{"line":39,"column":32},"end":{"line":39,"column":33}}],"line":39}},"s":{"0":4,"1":4,"2":81,"3":1,"4":80,"5":80,"6":4,"7":81,"8":81,"9":81,"10":2,"11":79,"12":974,"13":79,"14":4},"f":{"0":81,"1":81,"2":974},"b":{"0":[1,80],"1":[1],"2":[81,0],"3":[2,79],"4":[81,3],"5":[974,79],"6":[79,0]},"_coverageSchema":"1a1c01bbd47fc00a2c39e90264f33305004495a9","hash":"e32c5784c6e9c2d428aacdd353c0a263849e2851"}
}
