TN:
SF:src\controllers\reading.controller.js
FN:9,_getGeminiClient
FN:30,(anonymous_1)
FN:33,(anonymous_2)
FN:39,(anonymous_3)
FN:45,(anonymous_4)
FN:118,(anonymous_5)
FN:146,(anonymous_6)
FN:184,(anonymous_7)
FN:205,(anonymous_8)
FN:206,(anonymous_9)
FN:210,(anonymous_10)
FN:232,(anonymous_11)
FN:261,(anonymous_12)
FN:280,(anonymous_13)
FN:285,(anonymous_14)
FN:287,(anonymous_15)
FN:305,(anonymous_16)
FN:325,(anonymous_17)
FN:346,(anonymous_18)
FN:367,(anonymous_19)
FN:399,(anonymous_20)
FN:446,(anonymous_21)
FN:485,(anonymous_22)
FN:639,(anonymous_23)
FNF:24
FNH:21
FNDA:0,_getGeminiClient
FNDA:470,(anonymous_1)
FNDA:235,(anonymous_2)
FNDA:10,(anonymous_3)
FNDA:12,(anonymous_4)
FNDA:6,(anonymous_5)
FNDA:18,(anonymous_6)
FNDA:52,(anonymous_7)
FNDA:46,(anonymous_8)
FNDA:229,(anonymous_9)
FNDA:229,(anonymous_10)
FNDA:226,(anonymous_11)
FNDA:9,(anonymous_12)
FNDA:5,(anonymous_13)
FNDA:6,(anonymous_14)
FNDA:6,(anonymous_15)
FNDA:6,(anonymous_16)
FNDA:2,(anonymous_17)
FNDA:6,(anonymous_18)
FNDA:3,(anonymous_19)
FNDA:4,(anonymous_20)
FNDA:4,(anonymous_21)
FNDA:0,(anonymous_22)
FNDA:0,(anonymous_23)
DA:1,4
DA:2,4
DA:3,4
DA:4,4
DA:10,0
DA:11,0
DA:12,0
DA:13,0
DA:16,0
DA:17,0
DA:18,0
DA:19,0
DA:22,0
DA:25,0
DA:26,0
DA:27,0
DA:30,470
DA:33,4
DA:34,235
DA:35,235
DA:36,235
DA:38,55
DA:39,10
DA:41,50
DA:45,4
DA:46,12
DA:47,12
DA:48,12
DA:49,12
DA:51,12
DA:95,12
DA:97,12
DA:108,0
DA:109,0
DA:118,4
DA:119,6
DA:120,6
DA:122,6
DA:124,4
DA:125,1
DA:131,3
DA:136,2
DA:137,2
DA:146,4
DA:147,18
DA:148,18
DA:149,18
DA:151,18
DA:152,2
DA:158,16
DA:166,16
DA:168,16
DA:174,0
DA:175,0
DA:184,4
DA:185,52
DA:186,52
DA:187,52
DA:189,52
DA:191,51
DA:192,3
DA:198,48
DA:199,2
DA:205,46
DA:206,229
DA:209,46
DA:210,46
DA:211,229
DA:213,229
DA:215,229
DA:216,180
DA:219,229
DA:227,46
DA:229,46
DA:232,226
DA:241,46
DA:246,46
DA:251,1
DA:252,1
DA:261,4
DA:262,9
DA:263,9
DA:264,9
DA:266,9
DA:267,0
DA:270,9
DA:271,9
DA:272,4
DA:275,5
DA:276,5
DA:277,0
DA:280,5
DA:281,5
DA:282,2
DA:285,6
DA:286,3
DA:287,3
DA:288,6
DA:289,6
DA:290,6
DA:291,6
DA:299,3
DA:301,3
DA:305,6
DA:312,3
DA:313,3
DA:315,0
DA:316,0
DA:325,4
DA:326,2
DA:327,2
DA:332,2
DA:337,0
DA:338,0
DA:346,4
DA:347,6
DA:348,6
DA:353,6
DA:358,0
DA:359,0
DA:367,4
DA:368,3
DA:369,3
DA:381,3
DA:389,0
DA:390,0
DA:399,4
DA:400,4
DA:401,4
DA:402,4
DA:403,4
DA:406,4
DA:407,4
DA:408,1
DA:415,3
DA:416,1
DA:423,2
DA:424,2
DA:425,2
DA:426,2
DA:428,2
DA:430,2
DA:436,0
DA:437,0
DA:446,4
DA:447,4
DA:448,4
DA:449,4
DA:452,4
DA:453,4
DA:454,2
DA:461,2
DA:462,1
DA:468,1
DA:470,1
DA:475,0
DA:476,0
DA:485,4
DA:486,0
DA:487,0
DA:490,0
DA:491,0
DA:498,0
DA:499,0
DA:506,0
DA:530,0
DA:531,0
DA:534,0
DA:568,0
DA:569,0
DA:570,0
DA:571,0
DA:572,0
DA:574,0
DA:577,0
DA:578,0
DA:579,0
DA:580,0
DA:581,0
DA:586,0
DA:587,0
DA:589,0
DA:590,0
DA:591,0
DA:599,0
DA:600,0
DA:607,0
DA:608,0
DA:614,0
DA:629,0
DA:630,0
DA:639,4
DA:640,0
DA:642,0
DA:643,0
DA:649,0
DA:656,0
DA:657,0
DA:665,0
DA:666,0
DA:669,0
DA:699,0
DA:700,0
DA:701,0
DA:703,0
DA:706,0
DA:707,0
DA:708,0
DA:709,0
DA:710,0
DA:715,0
DA:716,0
DA:718,0
DA:719,0
DA:720,0
DA:728,0
DA:729,0
DA:735,0
DA:741,0
DA:742,0
LF:220
LH:129
BRDA:10,0,0,0
BRDA:10,0,1,0
BRDA:11,1,0,0
BRDA:11,1,1,0
BRDA:16,2,0,0
BRDA:16,2,1,0
BRDA:18,3,0,0
BRDA:18,3,1,0
BRDA:19,4,0,0
BRDA:19,4,1,0
BRDA:25,5,0,0
BRDA:25,5,1,0
BRDA:26,6,0,0
BRDA:26,6,1,0
BRDA:30,7,0,470
BRDA:30,7,1,9
BRDA:36,8,0,180
BRDA:36,8,1,55
BRDA:38,9,0,5
BRDA:38,9,1,50
BRDA:47,10,0,12
BRDA:47,10,1,7
BRDA:48,11,0,12
BRDA:48,11,1,7
BRDA:124,12,0,1
BRDA:124,12,1,3
BRDA:151,13,0,2
BRDA:151,13,1,16
BRDA:151,14,0,18
BRDA:151,14,1,17
BRDA:151,14,2,17
BRDA:160,15,0,16
BRDA:160,15,1,13
BRDA:163,16,0,1
BRDA:163,16,1,15
BRDA:191,17,0,3
BRDA:191,17,1,48
BRDA:198,18,0,2
BRDA:198,18,1,46
BRDA:211,19,0,229
BRDA:211,19,1,9
BRDA:215,20,0,180
BRDA:215,20,1,49
BRDA:222,21,0,229
BRDA:222,21,1,0
BRDA:232,22,0,226
BRDA:232,22,1,3
BRDA:235,23,0,46
BRDA:235,23,1,0
BRDA:266,24,0,0
BRDA:266,24,1,9
BRDA:271,25,0,4
BRDA:271,25,1,5
BRDA:271,26,0,9
BRDA:271,26,1,9
BRDA:271,26,2,7
BRDA:276,27,0,0
BRDA:276,27,1,5
BRDA:281,28,0,2
BRDA:281,28,1,3
BRDA:288,29,0,6
BRDA:288,29,1,0
BRDA:290,30,0,5
BRDA:290,30,1,1
BRDA:294,31,0,6
BRDA:294,31,1,0
BRDA:305,32,0,6
BRDA:305,32,1,0
BRDA:308,33,0,3
BRDA:308,33,1,0
BRDA:385,34,0,3
BRDA:385,34,1,1
BRDA:407,35,0,1
BRDA:407,35,1,3
BRDA:415,36,0,1
BRDA:415,36,1,2
BRDA:415,37,0,3
BRDA:415,37,1,2
BRDA:423,38,0,2
BRDA:423,38,1,0
BRDA:424,39,0,0
BRDA:424,39,1,2
BRDA:425,40,0,0
BRDA:425,40,1,2
BRDA:426,41,0,0
BRDA:426,41,1,2
BRDA:453,42,0,2
BRDA:453,42,1,2
BRDA:461,43,0,1
BRDA:461,43,1,1
BRDA:461,44,0,2
BRDA:461,44,1,1
BRDA:490,45,0,0
BRDA:490,45,1,0
BRDA:498,46,0,0
BRDA:498,46,1,0
BRDA:531,47,0,0
BRDA:531,47,1,0
BRDA:531,48,0,0
BRDA:531,48,1,0
BRDA:578,49,0,0
BRDA:578,49,1,0
BRDA:580,50,0,0
BRDA:580,50,1,0
BRDA:599,51,0,0
BRDA:599,51,1,0
BRDA:599,52,0,0
BRDA:599,52,1,0
BRDA:599,52,2,0
BRDA:607,53,0,0
BRDA:607,53,1,0
BRDA:642,54,0,0
BRDA:642,54,1,0
BRDA:707,55,0,0
BRDA:707,55,1,0
BRDA:709,56,0,0
BRDA:709,56,1,0
BRDA:728,57,0,0
BRDA:728,57,1,0
BRDA:728,58,0,0
BRDA:728,58,1,0
BRF:121
BRH:66
end_of_record
TN:
SF:src\middlewares\auth.middleware.js
FN:3,(anonymous_0)
FN:41,(anonymous_1)
FN:42,(anonymous_2)
FNF:3
FNH:3
FNDA:90,(anonymous_0)
FNDA:27,(anonymous_1)
FNDA:87,(anonymous_2)
DA:1,3
DA:3,3
DA:4,90
DA:7,90
DA:8,87
DA:11,90
DA:12,3
DA:18,87
DA:19,87
DA:22,87
DA:27,87
DA:29,0
DA:41,3
DA:42,27
DA:43,87
DA:44,87
DA:45,0
DA:51,87
DA:52,3
DA:58,84
DA:62,3
LF:21
LH:19
BRDA:7,0,0,87
BRDA:7,0,1,3
BRDA:7,1,0,90
BRDA:7,1,1,87
BRDA:11,2,0,3
BRDA:11,2,1,87
BRDA:24,3,0,87
BRDA:24,3,1,0
BRDA:44,4,0,0
BRDA:44,4,1,87
BRDA:51,5,0,3
BRDA:51,5,1,84
BRF:12
BRH:10
end_of_record
TN:
SF:src\models\ReadingTest.js
FNF:0
FNH:0
DA:1,5
DA:4,5
DA:18,5
DA:27,5
DA:35,5
LF:5
LH:5
BRF:0
BRH:0
end_of_record
TN:
SF:src\models\attempt.model.js
FNF:0
FNH:0
DA:1,5
DA:3,5
DA:13,5
DA:38,5
LF:4
LH:4
BRF:0
BRH:0
end_of_record
TN:
SF:src\routes\reading.routes.js
FNF:0
FNH:0
DA:1,3
DA:2,3
DA:3,3
DA:4,3
DA:9,3
DA:12,3
DA:15,3
DA:18,3
DA:21,3
DA:24,3
DA:27,3
DA:30,3
DA:33,3
DA:36,3
DA:39,3
DA:41,3
LF:16
LH:16
BRF:0
BRH:0
end_of_record
TN:
SF:src\utils\scoreConverter.js
FN:20,(anonymous_0)
FN:26,(anonymous_1)
FN:36,(anonymous_2)
FNF:3
FNH:3
FNDA:81,(anonymous_0)
FNDA:81,(anonymous_1)
FNDA:974,(anonymous_2)
DA:1,4
DA:20,4
DA:21,81
DA:22,80
DA:23,80
DA:26,4
DA:27,81
DA:28,81
DA:31,81
DA:32,2
DA:35,79
DA:36,974
DA:39,79
DA:42,4
LF:14
LH:14
BRDA:21,0,0,1
BRDA:21,0,1,80
BRDA:26,1,0,1
BRDA:28,2,0,81
BRDA:28,2,1,0
BRDA:31,3,0,2
BRDA:31,3,1,79
BRDA:31,4,0,81
BRDA:31,4,1,3
BRDA:36,5,0,974
BRDA:36,5,1,79
BRDA:39,6,0,79
BRDA:39,6,1,0
BRF:13
BRH:11
end_of_record
